C:\Program Files (x86)\MSBuild\Microsoft.Cpp\v4.0\V140\Microsoft.CppClean.targets(76,5): warning : The process cannot access the file 'c:\users\jazz\documents\github\3dmodeling\x64\debug\3dmodeling.ilk' because it is being used by another process.
  Moc'ing tdmmainwindow.h...
  Uic'ing threedimensionmodelingwindow.ui...
C:\Users\Jazz\Documents\GitHub\3DModeling\3DModeling\threedimensionmodelingwindow.ui : warning : The name 'widget' (QWidget) is already in use, defaulting to 'widget1'.
  Moc'ing editwidget.h...
  Moc'ing viewwidget.h...
  Rcc'ing mainwindow.qrc...
RCC : warning : No resources in 'C:\Users\Jazz\Documents\GitHub\3DModeling\3DModeling\mainwindow.qrc'.
  
  editwidget.cpp
editwidget.cpp(97): error C3867: 'QAbstractSlider::valueChanged': non-standard syntax; use '&' to create a pointer to member
editwidget.cpp(97): error C3867: 'EditWidget::xSliderValuechange': non-standard syntax; use '&' to create a pointer to member
editwidget.cpp(98): error C3867: 'QAbstractSlider::valueChanged': non-standard syntax; use '&' to create a pointer to member
editwidget.cpp(98): error C3867: 'EditWidget::ySliderValuechange': non-standard syntax; use '&' to create a pointer to member
editwidget.cpp(99): error C3867: 'QAbstractSlider::valueChanged': non-standard syntax; use '&' to create a pointer to member
editwidget.cpp(99): error C3867: 'EditWidget::zSliderValuechange': non-standard syntax; use '&' to create a pointer to member
  enqlist.cpp
  moc_editwidget.cpp
  moc_tdmmainwindow.cpp
  moc_viewwidget.cpp
  light.cpp
  LoadShaders.cpp
  main.cpp
  tdmmainwindow.cpp
  material.cpp
material.cpp(62): warning C4838: conversion from 'double' to 'float' requires a narrowing conversion
material.cpp(90): warning C4838: conversion from 'double' to 'float' requires a narrowing conversion
material.cpp(118): warning C4838: conversion from 'double' to 'float' requires a narrowing conversion
material.cpp(146): warning C4838: conversion from 'double' to 'float' requires a narrowing conversion
  mylistwidgetitem.cpp
  mymath.cpp
  mytreewidgetitem.cpp
  object.cpp
object.cpp(204): warning C4838: conversion from 'int' to 'float' requires a narrowing conversion
  voxelvbo.cpp
  viewwidget.cpp
viewwidget.cpp(754): warning C4838: conversion from 'double' to 'float' requires a narrowing conversion
  Generating Code...
