c:\users\graphicbfg\desktop\3dmodeling-master\3dmodeling\x64\debug\vc140.pdb
c:\users\graphicbfg\desktop\3dmodeling-master\3dmodeling\x64\debug\viewwidget.obj
c:\users\graphicbfg\desktop\3dmodeling-master\3dmodeling\x64\debug\voxelvbo.obj
c:\users\graphicbfg\desktop\3dmodeling-master\3dmodeling\x64\debug\object.obj
c:\users\graphicbfg\desktop\3dmodeling-master\3dmodeling\x64\debug\mytreewidgetitem.obj
c:\users\graphicbfg\desktop\3dmodeling-master\3dmodeling\x64\debug\mymath.obj
c:\users\graphicbfg\desktop\3dmodeling-master\3dmodeling\x64\debug\mylistwidgetitem.obj
c:\users\graphicbfg\desktop\3dmodeling-master\3dmodeling\x64\debug\material.obj
c:\users\graphicbfg\desktop\3dmodeling-master\3dmodeling\x64\debug\mainwindow.obj
c:\users\graphicbfg\desktop\3dmodeling-master\3dmodeling\x64\debug\main.obj
c:\users\graphicbfg\desktop\3dmodeling-master\3dmodeling\x64\debug\loadshaders.obj
c:\users\graphicbfg\desktop\3dmodeling-master\3dmodeling\x64\debug\light.obj
c:\users\graphicbfg\desktop\3dmodeling-master\3dmodeling\x64\debug\moc_viewwidget.obj
c:\users\graphicbfg\desktop\3dmodeling-master\3dmodeling\x64\debug\moc_mainwindow.obj
c:\users\graphicbfg\desktop\3dmodeling-master\3dmodeling\x64\debug\moc_editwidget.obj
c:\users\graphicbfg\desktop\3dmodeling-master\3dmodeling\x64\debug\editwidget.obj
c:\users\graphicbfg\desktop\3dmodeling-master\3dmodeling\x64\debug\qrc_mainwindow.obj
c:\users\graphicbfg\desktop\3dmodeling-master\3dmodeling\generatedfiles\debug\moc_viewwidget.cpp
c:\users\graphicbfg\desktop\3dmodeling-master\3dmodeling\generatedfiles\qrc_mainwindow.cpp
c:\users\graphicbfg\desktop\3dmodeling-master\3dmodeling\generatedfiles\debug\moc_editwidget.cpp
c:\users\graphicbfg\desktop\3dmodeling-master\3dmodeling\generatedfiles\debug\moc_mainwindow.cpp
c:\users\graphicbfg\desktop\3dmodeling-master\3dmodeling\generatedfiles\ui_mainwindow.h
c:\users\graphicbfg\desktop\3dmodeling-master\x64\debug\3dmodeling.ilk
c:\users\graphicbfg\desktop\3dmodeling-master\x64\debug\3dmodeling.exe
c:\users\graphicbfg\desktop\3dmodeling-master\x64\debug\3dmodeling.pdb
c:\users\graphicbfg\desktop\3dmodeling-master\3dmodeling\x64\debug\3dmodeling.res
c:\users\graphicbfg\desktop\3dmodeling-master\3dmodeling\x64\debug\nativecodeanalysis.read.1.tlog
c:\users\graphicbfg\desktop\3dmodeling-master\3dmodeling\x64\debug\editwidget.nativecodeanalysis.xml
c:\users\graphicbfg\desktop\3dmodeling-master\3dmodeling\x64\debug\light.nativecodeanalysis.xml
c:\users\graphicbfg\desktop\3dmodeling-master\3dmodeling\x64\debug\loadshaders.nativecodeanalysis.xml
c:\users\graphicbfg\desktop\3dmodeling-master\3dmodeling\x64\debug\main.nativecodeanalysis.xml
c:\users\graphicbfg\desktop\3dmodeling-master\3dmodeling\x64\debug\mainwindow.nativecodeanalysis.xml
c:\users\graphicbfg\desktop\3dmodeling-master\3dmodeling\x64\debug\material.nativecodeanalysis.xml
c:\users\graphicbfg\desktop\3dmodeling-master\3dmodeling\x64\debug\moc_editwidget.nativecodeanalysis.xml
c:\users\graphicbfg\desktop\3dmodeling-master\3dmodeling\x64\debug\moc_mainwindow.nativecodeanalysis.xml
c:\users\graphicbfg\desktop\3dmodeling-master\3dmodeling\x64\debug\moc_viewwidget.nativecodeanalysis.xml
c:\users\graphicbfg\desktop\3dmodeling-master\3dmodeling\x64\debug\mylistwidgetitem.nativecodeanalysis.xml
c:\users\graphicbfg\desktop\3dmodeling-master\3dmodeling\x64\debug\mymath.nativecodeanalysis.xml
c:\users\graphicbfg\desktop\3dmodeling-master\3dmodeling\x64\debug\mytreewidgetitem.nativecodeanalysis.xml
c:\users\graphicbfg\desktop\3dmodeling-master\3dmodeling\x64\debug\object.nativecodeanalysis.xml
c:\users\graphicbfg\desktop\3dmodeling-master\3dmodeling\x64\debug\qrc_mainwindow.nativecodeanalysis.xml
c:\users\graphicbfg\desktop\3dmodeling-master\3dmodeling\x64\debug\vc.nativecodeanalysis.all.xml
c:\users\graphicbfg\desktop\3dmodeling-master\3dmodeling\x64\debug\viewwidget.nativecodeanalysis.xml
c:\users\graphicbfg\desktop\3dmodeling-master\3dmodeling\x64\debug\voxelvbo.nativecodeanalysis.xml
c:\users\graphicbfg\desktop\3dmodeling-master\x64\debug\3dmodeling.exe.lastcodeanalysissucceeded
c:\users\graphicbfg\desktop\3dmodeling-master\3dmodeling\x64\debug\3dmodeling.tlog\cl.command.1.tlog
c:\users\graphicbfg\desktop\3dmodeling-master\3dmodeling\x64\debug\3dmodeling.tlog\cl.read.1.tlog
c:\users\graphicbfg\desktop\3dmodeling-master\3dmodeling\x64\debug\3dmodeling.tlog\cl.write.1.tlog
c:\users\graphicbfg\desktop\3dmodeling-master\3dmodeling\x64\debug\3dmodeling.tlog\custombuild.command.1.tlog
c:\users\graphicbfg\desktop\3dmodeling-master\3dmodeling\x64\debug\3dmodeling.tlog\custombuild.read.1.tlog
c:\users\graphicbfg\desktop\3dmodeling-master\3dmodeling\x64\debug\3dmodeling.tlog\custombuild.write.1.tlog
c:\users\graphicbfg\desktop\3dmodeling-master\3dmodeling\x64\debug\3dmodeling.tlog\link.command.1.tlog
c:\users\graphicbfg\desktop\3dmodeling-master\3dmodeling\x64\debug\3dmodeling.tlog\link.read.1.tlog
c:\users\graphicbfg\desktop\3dmodeling-master\3dmodeling\x64\debug\3dmodeling.tlog\link.write.1.tlog
c:\users\graphicbfg\desktop\3dmodeling-master\3dmodeling\x64\debug\3dmodeling.tlog\rc.command.1.tlog
c:\users\graphicbfg\desktop\3dmodeling-master\3dmodeling\x64\debug\3dmodeling.tlog\rc.read.1.tlog
c:\users\graphicbfg\desktop\3dmodeling-master\3dmodeling\x64\debug\3dmodeling.tlog\rc.write.1.tlog
